This is pdfTeX, Version 3.141592653-2.6-1.40.24 (TeX Live 2022/Debian) (preloaded format=pdflatex 2022.12.2)  2 DEC 2022 15:52
entering extended mode
 restricted \write18 enabled.
 %&-line parsing enabled.
**new.tex
(./new.tex
LaTeX2e <2022-06-01> patch level 5
L3 programming layer <2022-07-15>
(/usr/share/texlive/texmf-dist/tex/latex/base/article.cls
Document Class: article 2021/10/04 v1.4n Standard LaTeX document class
(/usr/share/texlive/texmf-dist/tex/latex/base/size10.clo
File: size10.clo 2021/10/04 v1.4n Standard LaTeX file (size option)
)
\c@part=\count185
\c@section=\count186
\c@subsection=\count187
\c@subsubsection=\count188
\c@paragraph=\count189
\c@subparagraph=\count190
\c@figure=\count191
\c@table=\count192
\abovecaptionskip=\skip47
\belowcaptionskip=\skip48
\bibindent=\dimen138
)
(/usr/share/texlive/texmf-dist/tex/generic/babel/babel.sty
Package: babel 2022/07/20 3.78 The Babel package
\babel@savecnt=\count193
\U@D=\dimen139
\l@unhyphenated=\language39

(/usr/share/texlive/texmf-dist/tex/generic/babel/txtbabel.def)
\bbl@readstream=\read2
\bbl@dirlevel=\count194

(/usr/share/texlive/texmf-dist/tex/generic/babel-french/french.ldf
Language: french 2022/04/18 v3.5n French support from the babel system
Package babel Info: Hyphen rules for 'acadian' set to \l@french
(babel)             (\language16). Reported on input line 91.
Package babel Info: Hyphen rules for 'canadien' set to \l@french
(babel)             (\language16). Reported on input line 92.
\FB@nonchar=\count195
Package babel Info: Making : an active character on input line 430.
Package babel Info: Making ; an active character on input line 431.
Package babel Info: Making ! an active character on input line 432.
Package babel Info: Making ? an active character on input line 433.
\FBguill@level=\count196
\FBold@everypar=\toks16
\FB@Mht=\dimen140
\mc@charclass=\count197
\mc@charfam=\count198
\mc@charslot=\count199
\std@mcc=\count266
\dec@mcc=\count267
\listindentFB=\dimen141
\descindentFB=\dimen142
\labelindentFB=\dimen143
\labelwidthFB=\dimen144
\leftmarginFB=\dimen145
\parindentFFN=\dimen146
\FBfnindent=\dimen147
))
(/usr/share/texlive/texmf-dist/tex/generic/babel/locale/fr/babel-french.tex
Package babel Info: Importing font and identification data for french
(babel)             from babel-fr.ini. Reported on input line 11.
)
(/usr/share/texlive/texmf-dist/tex/latex/carlisle/scalefnt.sty)
(/usr/share/texlive/texmf-dist/tex/latex/graphics/keyval.sty
Package: keyval 2022/05/29 v1.15 key=value parser (DPC)
\KV@toks@=\toks17
)
(/usr/share/texlive/texmf-dist/tex/latex/amsmath/amsmath.sty
Package: amsmath 2022/04/08 v2.17n AMS math features
\@mathmargin=\skip49

For additional information on amsmath, use the `?' option.
(/usr/share/texlive/texmf-dist/tex/latex/amsmath/amstext.sty
Package: amstext 2021/08/26 v2.01 AMS text

(/usr/share/texlive/texmf-dist/tex/latex/amsmath/amsgen.sty
File: amsgen.sty 1999/11/30 v2.0 generic functions
\@emptytoks=\toks18
\ex@=\dimen148
))
(/usr/share/texlive/texmf-dist/tex/latex/amsmath/amsbsy.sty
Package: amsbsy 1999/11/29 v1.2d Bold Symbols
\pmbraise@=\dimen149
)
(/usr/share/texlive/texmf-dist/tex/latex/amsmath/amsopn.sty
Package: amsopn 2022/04/08 v2.04 operator names
)
\inf@bad=\count268
LaTeX Info: Redefining \frac on input line 234.
\uproot@=\count269
\leftroot@=\count270
LaTeX Info: Redefining \overline on input line 399.
LaTeX Info: Redefining \colon on input line 410.
\classnum@=\count271
\DOTSCASE@=\count272
LaTeX Info: Redefining \ldots on input line 496.
LaTeX Info: Redefining \dots on input line 499.
LaTeX Info: Redefining \cdots on input line 620.
\Mathstrutbox@=\box51
\strutbox@=\box52
LaTeX Info: Redefining \big on input line 722.
LaTeX Info: Redefining \Big on input line 723.
LaTeX Info: Redefining \bigg on input line 724.
LaTeX Info: Redefining \Bigg on input line 725.
\big@size=\dimen150
LaTeX Font Info:    Redeclaring font encoding OML on input line 743.
LaTeX Font Info:    Redeclaring font encoding OMS on input line 744.
\macc@depth=\count273
LaTeX Info: Redefining \bmod on input line 905.
LaTeX Info: Redefining \pmod on input line 910.
LaTeX Info: Redefining \smash on input line 940.
LaTeX Info: Redefining \relbar on input line 970.
LaTeX Info: Redefining \Relbar on input line 971.
\c@MaxMatrixCols=\count274
\dotsspace@=\muskip16
\c@parentequation=\count275
\dspbrk@lvl=\count276
\tag@help=\toks19
\row@=\count277
\column@=\count278
\maxfields@=\count279
\andhelp@=\toks20
\eqnshift@=\dimen151
\alignsep@=\dimen152
\tagshift@=\dimen153
\tagwidth@=\dimen154
\totwidth@=\dimen155
\lineht@=\dimen156
\@envbody=\toks21
\multlinegap=\skip50
\multlinetaggap=\skip51
\mathdisplay@stack=\toks22
LaTeX Info: Redefining \[ on input line 2953.
LaTeX Info: Redefining \] on input line 2954.
)
(/usr/share/texlive/texmf-dist/tex/latex/amsfonts/amssymb.sty
Package: amssymb 2013/01/14 v3.01 AMS font symbols

(/usr/share/texlive/texmf-dist/tex/latex/amsfonts/amsfonts.sty
Package: amsfonts 2013/01/14 v3.01 Basic AMSFonts support
\symAMSa=\mathgroup4
\symAMSb=\mathgroup5
LaTeX Font Info:    Redeclaring math symbol \hbar on input line 98.
LaTeX Font Info:    Overwriting math alphabet `\mathfrak' in version `bold'
(Font)                  U/euf/m/n --> U/euf/b/n on input line 106.
))
(/usr/share/texlive/texmf-dist/tex/latex/stmaryrd/stmaryrd.sty
Package: stmaryrd 1994/03/03 St Mary's Road symbol package
\symstmry=\mathgroup6
LaTeX Font Info:    Overwriting symbol font `stmry' in version `bold'
(Font)                  U/stmry/m/n --> U/stmry/b/n on input line 89.
)
(/usr/share/texlive/texmf-dist/tex/latex/l3backend/l3backend-pdftex.def
File: l3backend-pdftex.def 2022-07-01 L3 backend support: PDF output (pdfTeX)
\l__color_backend_stack_int=\count280
\l__pdf_internal_box=\box53
)
No file new.aux.
\openout1 = `new.aux'.

LaTeX Font Info:    Checking defaults for OML/cmm/m/it on input line 5.
LaTeX Font Info:    ... okay on input line 5.
LaTeX Font Info:    Checking defaults for OMS/cmsy/m/n on input line 5.
LaTeX Font Info:    ... okay on input line 5.
LaTeX Font Info:    Checking defaults for OT1/cmr/m/n on input line 5.
LaTeX Font Info:    ... okay on input line 5.
LaTeX Font Info:    Checking defaults for T1/cmr/m/n on input line 5.
LaTeX Font Info:    ... okay on input line 5.
LaTeX Font Info:    Checking defaults for TS1/cmr/m/n on input line 5.
LaTeX Font Info:    ... okay on input line 5.
LaTeX Font Info:    Checking defaults for OMX/cmex/m/n on input line 5.
LaTeX Font Info:    ... okay on input line 5.
LaTeX Font Info:    Checking defaults for U/cmr/m/n on input line 5.
LaTeX Font Info:    ... okay on input line 5.
LaTeX Info: Redefining \degres on input line 5.
LaTeX Info: Redefining \up on input line 5.

Package french.ldf Warning: OT1 encoding should not be used for French.
(french.ldf)                Add \usepackage[T1]{fontenc} to the preamble
(french.ldf)                of your document; reported on input line 5.


Overfull \hbox (25.80727pt too wide) in paragraph at lines 7--8
[] \OT1/cmr/m/n/10 Sah-raoui Yousra , Sp^^Secialit^^Se :EDP 
 []

LaTeX Font Info:    Trying to load font information for U+msa on input line 9.
(/usr/share/texlive/texmf-dist/tex/latex/amsfonts/umsa.fd
File: umsa.fd 2013/01/14 v3.01 AMS symbols A
)
LaTeX Font Info:    Trying to load font information for U+msb on input line 9.

(/usr/share/texlive/texmf-dist/tex/latex/amsfonts/umsb.fd
File: umsb.fd 2013/01/14 v3.01 AMS symbols B
)
LaTeX Font Info:    Trying to load font information for U+stmry on input line 9
.

(/usr/share/texlive/texmf-dist/tex/latex/stmaryrd/Ustmry.fd)
Overfull \hbox (12.5862pt too wide) in paragraph at lines 59--62
[]\OT1/cmr/m/n/10 comme $[][] \OMS/cmsy/m/n/10 j\OML/cmm/m/it/10 x[]\OMS/cmsy/m
/n/10 j[] \OT1/cmr/m/n/10 = 1$et $[][] \OMS/cmsy/m/n/10 j\OML/cmm/m/it/10 y[]\O
MS/cmsy/m/n/10 j[]$\OT1/cmr/m/n/10 =1 $\OMS/cmsy/m/n/10 )$\OT1/cmr/m/n/10 ($[][
] \OMS/cmsy/m/n/10 j\OML/cmm/m/it/10 x[]\OMS/cmsy/m/n/10 j[]$\OT1/cmr/m/n/10 )$
[] = 1$et $([][] \OMS/cmsy/m/n/10 j\OML/cmm/m/it/10 y\OMS/cmsy/m/n/10 j[]\OT1/c
mr/m/n/10 )[]$=1 
 []


Overfull \hbox (46.46239pt too wide) in paragraph at lines 74--77
[]\OT1/cmr/m/n/10 puisque $\OMS/cmsy/m/n/10 j\OML/cmm/m/it/10 x[] \OT1/cmr/m/n/
10 + \OML/cmm/m/it/10 y[]\OMS/cmsy/m/n/10 j ^^T j\OML/cmm/m/it/10 x[]\OMS/cmsy/
m/n/10 j$\OT1/cmr/m/n/10 +$\OMS/cmsy/m/n/10 j\OML/cmm/m/it/10 y[]\OMS/cmsy/m/n/
10 j$\OT1/cmr/m/n/10 pour tout $\OML/cmm/m/it/10 k$\OT1/cmr/m/n/10 de $\U/msb/m
/n/10 N \OMS/cmsy/m/n/10 ) [][] j\OML/cmm/m/it/10 x[] \OT1/cmr/m/n/10 + \OML/cm
m/m/it/10 y[]\OMS/cmsy/m/n/10 j ^^T [][] j\OML/cmm/m/it/10 x[]\OMS/cmsy/m/n/10 
j$\OT1/cmr/m/n/10 +$[][] \OMS/cmsy/m/n/10 j\OML/cmm/m/it/10 y[]\OMS/cmsy/m/n/10
 j$\OT1/cmr/m/n/10 . 
 []


Overfull \hbox (76.96222pt too wide) in paragraph at lines 85--89
[] $\OMS/cmsy/m/n/10 ^^T [][] [][] \OT1/cmr/m/n/10 + [][] [][]$ 
 []

! Missing } inserted.
<inserted text> 
                }
l.95 ...}{q}} \left[ \sum \left( | x_k |^p {\right
                                                  ) }^{\frac{1}{p}} +
I've inserted something that you may have forgotten.
(See the <inserted text> above.)
With luck, this will get me unwedged. But if you
really didn't forget anything, try typing `2' now; then
my insertion and my current dilemma will both disappear.

! Extra }, or forgotten \right.
l.95 ...}} \left[ \sum \left( | x_k |^p {\right) }
                                                  ^{\frac{1}{p}} +
I've deleted a group-closing symbol because it seems to be
spurious, as in `$x}$'. But perhaps the } is legitimate and
you forgot something else, as in `\hbox{$x}'. In such cases
the way to recover is to insert both the forgotten and the
deleted material, e.g., by typing `I$}'.

! Missing } inserted.
<inserted text> 
                }
l.96 \sum \left( | x_k |^p {\right
                                  ) }^{\frac{1}{p}} \right]$
I've inserted something that you may have forgotten.
(See the <inserted text> above.)
With luck, this will get me unwedged. But if you
really didn't forget anything, try typing `2' now; then
my insertion and my current dilemma will both disappear.

! Extra }, or forgotten \right.
l.96 \sum \left( | x_k |^p {\right) }
                                     ^{\frac{1}{p}} \right]$
I've deleted a group-closing symbol because it seems to be
spurious, as in `$x}$'. But perhaps the } is legitimate and
you forgot something else, as in `\hbox{$x}'. In such cases
the way to recover is to insert both the forgotten and the
deleted material, e.g., by typing `I$}'.

[1

{/var/lib/texmf/fonts/map/pdftex/updmap/pdftex.map}]
Overfull \hbox (39.23824pt too wide) in paragraph at lines 146--151
[] $[] \OML/cmm/m/it/10 T [] \OT1/cmr/m/n/10 = [][] [] = [][] [] \OML/cmm/m/it/
10 Tx [] [][] [] Tx []$\OT1/cmr/m/n/10 . 
 []


Overfull \hbox (12.96883pt too wide) in paragraph at lines 161--166
[]\OT1/cmr/m/n/10 Alors : $[] \OML/cmm/m/it/10 T [] \OT1/cmr/m/n/10 = [][] [] \
OML/cmm/m/it/10 T\OT1/cmr/m/n/10 (\OML/cmm/m/it/10 x\OT1/cmr/m/n/10 ) [][] = []
[] [] \OML/cmm/m/it/10 T\OT1/cmr/m/n/10 (\OML/cmm/m/it/10 x\OT1/cmr/m/n/10 ) []
[] = [][] [] \OML/cmm/m/it/10 T\OT1/cmr/m/n/10 (\OML/cmm/m/it/10 x\OT1/cmr/m/n/
10 ) [][] =
 []


Overfull \hbox (52.88162pt too wide) in paragraph at lines 185--191
[]$[] \OMS/cmsy/m/n/10 ^^T [][] []$\OT1/cmr/m/n/10 ,donc pour tout $\OML/cmm/m/
it/10 x \OMS/cmsy/m/n/10 2 \OML/cmm/m/it/10 E[]$\OT1/cmr/m/n/10 , on a $[] \OML
/cmm/m/it/10 T\OT1/cmr/m/n/10 (\OML/cmm/m/it/10 x\OT1/cmr/m/n/10 ) [][] \OMS/cm
sy/m/n/10 ^^T [] [] \OML/cmm/m/it/10 x [][]$
 []


Overfull \hbox (45.2682pt too wide) in paragraph at lines 196--202
[]$[] \OT1/cmr/m/n/10 = [] []\OML/cmm/m/it/10 T\OT1/cmr/m/n/10 (\OML/cmm/m/it/1
0 x\OT1/cmr/m/n/10 ) [][] = [] \OML/cmm/m/it/10 T [] [][] \OMS/cmsy/m/n/10 ^^T 
[][] [] \OML/cmm/m/it/10 T\OT1/cmr/m/n/10 (\OML/cmm/m/it/10 x\OT1/cmr/m/n/10 ) 
[][] \OMS/cmsy/m/n/10 ^^T [][] [] \OML/cmm/m/it/10 T\OT1/cmr/m/n/10 (\OML/cmm/m
/it/10 x\OT1/cmr/m/n/10 ) [][] \OMS/cmsy/m/n/10 ^^T
 []


Overfull \hbox (18.25555pt too wide) in paragraph at lines 222--228
[]$[] [] \OML/cmm/m/it/10 x [][] \OT1/cmr/m/n/10 = [] [] \OML/cmm/m/it/10 x [][
] < \OT1/cmr/m/n/10 1$ , d'ou $[] [] \OML/cmm/m/it/10 T\OT1/cmr/m/n/10 (\OML/cm
m/m/it/10 x\OT1/cmr/m/n/10 ) [][] = [] \OML/cmm/m/it/10 T [] [][] \OMS/cmsy/m/n
/10 ^^T
 []

[2]
Overfull \hbox (12.0838pt too wide) in paragraph at lines 236--238
[]\OT1/cmr/m/n/10 Exo-4 :Mon-trer que les op^^Serateurs lin^^Seaires born^^Ses 
coin-ci-dent avec les op^^Serateurs
 []


Overfull \hbox (6.18393pt too wide) in paragraph at lines 310--313
[]\OT1/cmr/m/n/10 ii-$\OMS/cmsy/m/n/10 8\OML/cmm/m/it/10 x; y \OMS/cmsy/m/n/10 
2 \OML/cmm/m/it/10 M; x\OMS/cmsy/m/n/10 R\OML/cmm/m/it/10 y \OMS/cmsy/m/n/10 , 
\OML/cmm/m/it/10 x \OMS/cmsy/m/n/10 ^^@ \OML/cmm/m/it/10 y \OMS/cmsy/m/n/10 2 \
OML/cmm/m/it/10 M \OMS/cmsy/m/n/10 ) ^^@\OT1/cmr/m/n/10 (\OML/cmm/m/it/10 y \OM
S/cmsy/m/n/10 ^^@ \OML/cmm/m/it/10 x\OT1/cmr/m/n/10 ) \OMS/cmsy/m/n/10 2 \OML/c
mm/m/it/10 M \OMS/cmsy/m/n/10 ) \OML/cmm/m/it/10 y\OMS/cmsy/m/n/10 R\OML/cmm/m/
it/10 x$ \OT1/cmr/m/n/10 alors :$\OMS/cmsy/m/n/10 R$\OT1/cmr/m/n/10 sym^^Setriq
ue. 
 []

[3]
Overfull \hbox (30.6943pt too wide) in paragraph at lines 354--359
[]$[]\OT1/cmr/m/n/10 [\OML/cmm/m/it/10 x[] \OT1/cmr/m/n/10 + \OML/cmm/m/it/10 x
[]\OT1/cmr/m/n/10 ] [] = [] [] [] \OML/cmm/m/it/10 y[] \OT1/cmr/m/n/10 + \OML/c
mm/m/it/10 y[] [] \OMS/cmsy/m/n/10 ^^T [] [] ^^T [][] [] \OML/cmm/m/it/10 y[] [
] \OT1/cmr/m/n/10 + [][] [] \OML/cmm/m/it/10 y[] [] \OT1/cmr/m/n/10 =
 []


Overfull \hbox (93.6394pt too wide) in paragraph at lines 406--415
\OT1/cmr/m/n/10 (\OML/cmm/m/it/10 A; \OMS/cmsy/m/n/10 D[]\OT1/cmr/m/n/10 ) [] \
OML/cmm/m/it/10 X [] Y$\OT1/cmr/m/n/10 ^^Ra do-maine $\OMS/cmsy/m/n/10 D[]$\OT1
/cmr/m/n/10 dense dans X.$(\OML/cmm/m/it/10 A[]; \OMS/cmsy/m/n/10 D[]\OT1/cmr/m
/n/10 )$^^Setant le dual de $(\OML/cmm/m/it/10 A; \OMS/cmsy/m/n/10 D[]\OT1/cmr/
m/n/10 )\OML/cmm/m/it/10 : [] [] \OMS/cmsy/m/n/10 D[] \OT1/cmr/m/n/10 =
 []

[4]
Overfull \hbox (18.61046pt too wide) in paragraph at lines 443--448
[]$\OMS/cmsy/m/n/10 jh\OML/cmm/m/it/10 x; A[]f\OMS/cmsy/m/n/10 ij \OT1/cmr/m/n/
10 = \OMS/cmsy/m/n/10 jh\OML/cmm/m/it/10 Ax; f\OMS/cmsy/m/n/10 ij \U/msa/m/n/10
 6 [] \OML/cmm/m/it/10 Ax [] [] f [] \OMS/cmsy/m/n/10 ^^T [] \OML/cmm/m/it/10 A
 [] [] f [] [] x []$\OT1/cmr/m/n/10 ce qui en-traine que :$[] \OML/cmm/m/it/10 
A[]f [] \OMS/cmsy/m/n/10 ^^T
 []


Overfull \hbox (141.00072pt too wide) in paragraph at lines 476--477
[]    
 []

[5] (./new.aux) ) 
Here is how much of TeX's memory you used:
 3745 strings out of 479246
 57707 string characters out of 5867076
 388435 words of memory out of 5000000
 22012 multiletter control sequences out of 15000+600000
 473400 words of font info for 45 fonts, out of 8000000 for 9000
 417 hyphenation exceptions out of 8191
 54i,7n,62p,199b,426s stack positions out of 10000i,1000n,20000p,200000b,200000s
</usr/share/texlive/texmf-dist/fonts/type1/public/amsfonts/cm/
cmbx10.pfb></usr/share/texlive/texmf-dist/fonts/type1/public/amsfonts/cm/cmex10
.pfb></usr/share/texlive/texmf-dist/fonts/type1/public/amsfonts/cm/cmmi10.pfb><
/usr/share/texlive/texmf-dist/fonts/type1/public/amsfonts/cm/cmmi5.pfb></usr/sh
are/texlive/texmf-dist/fonts/type1/public/amsfonts/cm/cmmi7.pfb></usr/share/tex
live/texmf-dist/fonts/type1/public/amsfonts/cm/cmr10.pfb></usr/share/texlive/te
xmf-dist/fonts/type1/public/amsfonts/cm/cmr5.pfb></usr/share/texlive/texmf-dist
/fonts/type1/public/amsfonts/cm/cmr7.pfb></usr/share/texlive/texmf-dist/fonts/t
ype1/public/amsfonts/cm/cmsy10.pfb></usr/share/texlive/texmf-dist/fonts/type1/p
ublic/amsfonts/cm/cmsy5.pfb></usr/share/texlive/texmf-dist/fonts/type1/public/a
msfonts/cm/cmsy7.pfb></usr/share/texlive/texmf-dist/fonts/type1/public/amsfonts
/symbols/msam10.pfb></usr/share/texlive/texmf-dist/fonts/type1/public/amsfonts/
symbols/msam5.pfb></usr/share/texlive/texmf-dist/fonts/type1/public/amsfonts/sy
mbols/msbm10.pfb></usr/share/texlive/texmf-dist/fonts/type1/public/stmaryrd/stm
ary10.pfb></usr/share/texlive/texmf-dist/fonts/type1/public/stmaryrd/stmary5.pf
b></usr/share/texlive/texmf-dist/fonts/type1/public/stmaryrd/stmary7.pfb>
Output written on new.pdf (5 pages, 175486 bytes).
PDF statistics:
 105 PDF objects out of 1000 (max. 8388607)
 63 compressed objects within 1 object stream
 0 named destinations out of 1000 (max. 500000)
 1 words of extra memory for PDF output out of 10000 (max. 10000000)

